  engine.c
  graphics.c
C:\Users\Administrator\source\repos\game\game\engine.h(31,15): warning C4133: “初始化”: 从“void (__cdecl *)(lua_State *)”到“lua_CFunction”的类型不兼容
  (编译源文件“engine.c”)
  
C:\Users\Administrator\source\repos\game\game\engine.h(32,12): warning C4133: “初始化”: 从“void (__cdecl *)(lua_State *)”到“lua_CFunction”的类型不兼容
  (编译源文件“engine.c”)
  
C:\Users\Administrator\source\repos\game\game\engine.h(33,11): warning C4133: “初始化”: 从“void (__cdecl *)(lua_State *)”到“lua_CFunction”的类型不兼容
  (编译源文件“engine.c”)
  
C:\Users\Administrator\source\repos\game\game\engine.h(34,14): warning C4133: “初始化”: 从“void (__cdecl *)(lua_State *)”到“lua_CFunction”的类型不兼容
  (编译源文件“engine.c”)
  
C:\Users\Administrator\source\repos\game\game\engine.c(49,31): warning C4090: “=”: 不同的“const”限定符
C:\Users\Administrator\source\repos\game\game\engine.c(42,16): warning C4244: “初始化”: 从“lua_Number”转换到“int”，可能丢失数据
C:\Users\Administrator\source\repos\game\game\engine.c(44,17): warning C4244: “初始化”: 从“lua_Number”转换到“int”，可能丢失数据
C:\Users\Administrator\source\repos\game\game\graphics.c(29,8): warning C4090: “初始化”: 不同的“const”限定符
C:\Users\Administrator\source\repos\game\game\graphics.c(45,8): warning C4090: “初始化”: 不同的“const”限定符
  main.c
C:\Users\Administrator\source\repos\game\game\engine.h(31,15): warning C4133: “初始化”: 从“void (__cdecl *)(lua_State *)”到“lua_CFunction”的类型不兼容
  (编译源文件“main.c”)
  
C:\Users\Administrator\source\repos\game\game\engine.h(32,12): warning C4133: “初始化”: 从“void (__cdecl *)(lua_State *)”到“lua_CFunction”的类型不兼容
  (编译源文件“main.c”)
  
C:\Users\Administrator\source\repos\game\game\engine.h(33,11): warning C4133: “初始化”: 从“void (__cdecl *)(lua_State *)”到“lua_CFunction”的类型不兼容
  (编译源文件“main.c”)
  
C:\Users\Administrator\source\repos\game\game\engine.h(34,14): warning C4133: “初始化”: 从“void (__cdecl *)(lua_State *)”到“lua_CFunction”的类型不兼容
  (编译源文件“main.c”)
  
  正在生成代码...
  game.vcxproj -> C:\Users\Administrator\source\repos\game\x64\Debug\game.exe
